{
  "RSpec": {
    "coverage": {
      "/Users/kaifan11/Development/Magma/projects/paqkit/backend/paqkit/app/models/user.rb": [
        1,
        null,
        null,
        1,
        null,
        null
      ],
      "/Users/kaifan11/Development/Magma/projects/paqkit/backend/paqkit/app/models/application_record.rb": [
        1,
        1,
        null
      ],
      "/Users/kaifan11/Development/Magma/projects/paqkit/backend/paqkit/app/controllers/home_controller.rb": [
        1,
        null
      ],
      "/Users/kaifan11/Development/Magma/projects/paqkit/backend/paqkit/app/controllers/application_controller.rb": [
        1,
        1,
        null
      ],
      "/Users/kaifan11/Development/Magma/projects/paqkit/backend/paqkit/app/mailers/application_mailer.rb": [
        1,
        1,
        1,
        null
      ]
    },
    "timestamp": 1518639502
  }
}
